Using pre-set license
Built from '2020.3/staging' branch; Version is '2020.3.5f1 (8095aa901b9b) revision 8426922'; Using compiler version '192528614'; Build Type 'Release'
OS: 'Windows 10 Home; OS build 19042.928; Version 2009; 64bit' Language: 'en' Physical Memory: 16230 MB
BatchMode: 1, IsHumanControllingUs: 0, StartBugReporterOnCrash: 0, Is64bit: 1, IsPro: 0

 COMMAND LINE ARGUMENTS:
D:\Programs\Unity\Hub\Editor\2020.3.5f1\Editor\Unity.exe
-adb2
-batchMode
-noUpm
-name
AssetImportWorker0
-projectPath
D:/2_Game Creations/Ludem48/LudumDare48
-logFile
Logs/AssetImportWorker0.log
-srvPort
64268
Successfully changed project path to: D:/2_Game Creations/Ludem48/LudumDare48
D:/2_Game Creations/Ludem48/LudumDare48
Using Asset Import Pipeline V2.
Refreshing native plugins compatible for Editor in 71.26 ms, found 0 plugins.
Preloading 0 native plugins for Editor in 0.00 ms.
Initialize engine version: 2020.3.5f1 (8095aa901b9b)
[Subsystems] Discovering subsystems at path D:/Programs/Unity/Hub/Editor/2020.3.5f1/Editor/Data/Resources/UnitySubsystems
[Subsystems] Discovering subsystems at path D:/2_Game Creations/Ludem48/LudumDare48/Assets
GfxDevice: creating device client; threaded=0
Direct3D:
    Version:  Direct3D 11.0 [level 11.1]
    Renderer: NVIDIA GeForce GTX 1070 with Max-Q Design (ID=0x1ba1)
    Vendor:   
    VRAM:     8081 MB
    Driver:   27.21.14.6140
Initialize mono
Mono path[0] = 'D:/Programs/Unity/Hub/Editor/2020.3.5f1/Editor/Data/Managed'
Mono path[1] = 'D:/Programs/Unity/Hub/Editor/2020.3.5f1/Editor/Data/MonoBleedingEdge/lib/mono/unityjit'
Mono config path = 'D:/Programs/Unity/Hub/Editor/2020.3.5f1/Editor/Data/MonoBleedingEdge/etc'
Using monoOptions --debugger-agent=transport=dt_socket,embedding=1,server=y,suspend=n,address=127.0.0.1:56952
Begin MonoManager ReloadAssembly
Registering precompiled unity dll's ...
Register platform support module: D:/Programs/Unity/Hub/Editor/2020.3.5f1/Editor/Data/PlaybackEngines/WebGLSupport/UnityEditor.WebGL.Extensions.dll
Register platform support module: D:/Programs/Unity/Hub/Editor/2020.3.5f1/Editor/Data/PlaybackEngines/WindowsStandaloneSupport/UnityEditor.WindowsStandalone.Extensions.dll
Registered in 0.001790 seconds.
Native extension for WindowsStandalone target not found
Native extension for WebGL target not found
Refreshing native plugins compatible for Editor in 81.05 ms, found 0 plugins.
Preloading 0 native plugins for Editor in 0.00 ms.
Mono: successfully reloaded assembly
- Completed reload, in  1.731 seconds
Platform modules already initialized, skipping
Registering precompiled user dll's ...
Registered in 0.001755 seconds.
Begin MonoManager ReloadAssembly
Native extension for WindowsStandalone target not found
Native extension for WebGL target not found
Refreshing native plugins compatible for Editor in 68.11 ms, found 0 plugins.
Preloading 0 native plugins for Editor in 0.00 ms.
Mono: successfully reloaded assembly
- Completed reload, in  1.606 seconds
Platform modules already initialized, skipping
========================================================================
Worker process is ready to serve import requests
Shader 'Universal Render Pipeline/Particles/Lit': fallback shader 'Universal Render Pipeline/Particles/SimpleLit' not found
Shader 'Universal Render Pipeline/Particles/Lit': fallback shader 'Universal Render Pipeline/Particles/SimpleLit' not found
Launched and connected shader compiler UnityShaderCompiler.exe after 0.07 seconds
Refreshing native plugins compatible for Editor in 0.63 ms, found 0 plugins.
Preloading 0 native plugins for Editor in 0.00 ms.
Unloading 2590 Unused Serialized files (Serialized files now loaded: 0)
System memory in use before: 141.9 MB.
System memory in use after: 139.7 MB.

Unloading 40 unused Assets to reduce memory usage. Loaded Objects now: 3027.
Total: 6.801200 ms (FindLiveObjects: 0.412500 ms CreateObjectMapping: 0.292500 ms MarkObjects: 4.018800 ms  DeleteObjects: 2.075600 ms)

========================================================================
Received Import Request.
  path: Assets/Scenes/NewBrush.brush
  artifactKey: Guid(707d18ad10c8e694795c6c24496cd08b) Importer(815301076,1909f56bfc062723c751e8b465ee728b)
Start importing Assets/Scenes/NewBrush.brush using Guid(707d18ad10c8e694795c6c24496cd08b) Importer(815301076,1909f56bfc062723c751e8b465ee728b)  -> (artifact id: 'eafc3ff77389de00b8c2da9bd5a05788') in 0.129781 seconds
  Import took 0.137722 seconds .

========================================================================
Received Import Request.
  Time since last request: 37.997254 seconds.
  path: Assets/TextMesh Pro/Sprites/EmojiOne.png
  artifactKey: Guid(dffef66376be4fa480fb02b19edbe903) Importer(815301076,1909f56bfc062723c751e8b465ee728b)
Start importing Assets/TextMesh Pro/Sprites/EmojiOne.png using Guid(dffef66376be4fa480fb02b19edbe903) Importer(815301076,1909f56bfc062723c751e8b465ee728b)  -> (artifact id: '82b2a003a7cd2a9c082d57b50cf758ab') in 0.057511 seconds
  Import took 0.065147 seconds .

========================================================================
Received Import Request.
  Time since last request: 0.000497 seconds.
  path: Assets/TextMesh Pro/Resources/Fonts & Materials/LiberationSans SDF - Fallback.asset
  artifactKey: Guid(2e498d1c8094910479dc3e1b768306a4) Importer(815301076,1909f56bfc062723c751e8b465ee728b)
Start importing Assets/TextMesh Pro/Resources/Fonts & Materials/LiberationSans SDF - Fallback.asset using Guid(2e498d1c8094910479dc3e1b768306a4) Importer(815301076,1909f56bfc062723c751e8b465ee728b)  -> (artifact id: 'e2c2038b3f93d12069e9c34ad56b62a9') in 0.319957 seconds
  Import took 0.327104 seconds .

========================================================================
Received Import Request.
  Time since last request: 233.797573 seconds.
  path: Assets/Terrain.asset
  artifactKey: Guid(b441e0fb40a3e1d4b8a44a5ca8671761) Importer(815301076,1909f56bfc062723c751e8b465ee728b)
Start importing Assets/Terrain.asset using Guid(b441e0fb40a3e1d4b8a44a5ca8671761) Importer(815301076,1909f56bfc062723c751e8b465ee728b)  -> (artifact id: '7b55320cced7b458d4097bcd50159247') in 0.038391 seconds
  Import took 0.046309 seconds .

========================================================================
Received Import Request.
  Time since last request: 240.069874 seconds.
  path: Assets/Objects/AtomBomb.fbx
  artifactKey: Guid(715ed507891f3914aa5538882e675e9e) Importer(815301076,1909f56bfc062723c751e8b465ee728b)
Start importing Assets/Objects/AtomBomb.fbx using Guid(715ed507891f3914aa5538882e675e9e) Importer(815301076,1909f56bfc062723c751e8b465ee728b)  -> (artifact id: '53b7c2e979cfe72ecc0ccd74f9586047') in 0.156517 seconds
  Import took 0.165868 seconds .

========================================================================
Received Import Request.
  Time since last request: 0.000435 seconds.
  path: Assets/Objects/RowBoat.fbx
  artifactKey: Guid(8422b16ddf2bf8648b486f9af18fc68d) Importer(815301076,1909f56bfc062723c751e8b465ee728b)
Start importing Assets/Objects/RowBoat.fbx using Guid(8422b16ddf2bf8648b486f9af18fc68d) Importer(815301076,1909f56bfc062723c751e8b465ee728b)  -> (artifact id: '1b8dd72b9c7d71fc90f292657e7c14a1') in 0.030637 seconds
  Import took 0.041375 seconds .

========================================================================
Received Import Request.
  Time since last request: 0.000449 seconds.
  path: Assets/Objects/Hull.fbx
  artifactKey: Guid(0ea774d1cd4444c4e8709791edaeea62) Importer(815301076,1909f56bfc062723c751e8b465ee728b)
Start importing Assets/Objects/Hull.fbx using Guid(0ea774d1cd4444c4e8709791edaeea62) Importer(815301076,1909f56bfc062723c751e8b465ee728b)  -> (artifact id: '81aac143a6ee40b98f0e736145d2b483') in 0.036792 seconds
  Import took 0.047203 seconds .

========================================================================
Received Import Request.
  Time since last request: 94.579857 seconds.
  path: Assets/Terrain.asset
  artifactKey: Guid(b441e0fb40a3e1d4b8a44a5ca8671761) Importer(815301076,1909f56bfc062723c751e8b465ee728b)
Start importing Assets/Terrain.asset using Guid(b441e0fb40a3e1d4b8a44a5ca8671761) Importer(815301076,1909f56bfc062723c751e8b465ee728b)  -> (artifact id: 'af64dc5740c5d9da12f3b9a98e1fea61') in 0.009077 seconds
  Import took 0.015629 seconds .

========================================================================
Received Import Request.
  Time since last request: 187.102622 seconds.
  path: Assets/Objects/Hull.fbx
  artifactKey: Guid(0ea774d1cd4444c4e8709791edaeea62) Importer(815301076,1909f56bfc062723c751e8b465ee728b)
Start importing Assets/Objects/Hull.fbx using Guid(0ea774d1cd4444c4e8709791edaeea62) Importer(815301076,1909f56bfc062723c751e8b465ee728b)  -> (artifact id: '1bd34d166c6bf40195f7b5da04c84f8a') in 0.348147 seconds
  Import took 0.355815 seconds .

========================================================================
Received Import Request.
  Time since last request: 27.656613 seconds.
  path: Assets/Objects/Hull.fbx
  artifactKey: Guid(0ea774d1cd4444c4e8709791edaeea62) Importer(815301076,1909f56bfc062723c751e8b465ee728b)
Start importing Assets/Objects/Hull.fbx using Guid(0ea774d1cd4444c4e8709791edaeea62) Importer(815301076,1909f56bfc062723c751e8b465ee728b)  -> (artifact id: 'c892eb2b52983b261433c4295a0f9d7f') in 0.029476 seconds
  Import took 0.036614 seconds .

========================================================================
Received Import Request.
  Time since last request: 32.361859 seconds.
  path: Assets/Materials/ShipMat.mat
  artifactKey: Guid(644f7723749957746842264b5b99d76b) Importer(815301076,1909f56bfc062723c751e8b465ee728b)
Start importing Assets/Materials/ShipMat.mat using Guid(644f7723749957746842264b5b99d76b) Importer(815301076,1909f56bfc062723c751e8b465ee728b)  -> (artifact id: '7aa5dd0bfc55d5644ce566a5422efee3') in 0.052124 seconds
  Import took 0.059851 seconds .

========================================================================
Received Import Request.
  Time since last request: 9.440495 seconds.
  path: Assets/Materials/ShipMat.mat
  artifactKey: Guid(644f7723749957746842264b5b99d76b) Importer(815301076,1909f56bfc062723c751e8b465ee728b)
Start importing Assets/Materials/ShipMat.mat using Guid(644f7723749957746842264b5b99d76b) Importer(815301076,1909f56bfc062723c751e8b465ee728b)  -> (artifact id: 'cdcc7c883f8f20f19046d19d60f2dbcf') in 0.021903 seconds
  Import took 0.029132 seconds .

========================================================================
Received Import Request.
  Time since last request: 26.460932 seconds.
  path: Assets/Prafabs/Rocks
  artifactKey: Guid(799eaf36435ce5144bf4c241a757caf6) Importer(815301076,1909f56bfc062723c751e8b465ee728b)
Start importing Assets/Prafabs/Rocks using Guid(799eaf36435ce5144bf4c241a757caf6) Importer(815301076,1909f56bfc062723c751e8b465ee728b)  -> (artifact id: '56e8c62d49d5171b414bb3298dbc1861') in 0.019275 seconds
  Import took 0.030883 seconds .

========================================================================
Received Import Request.
  Time since last request: 0.002474 seconds.
  path: Assets/Prafabs/Rocks
  artifactKey: Guid(799eaf36435ce5144bf4c241a757caf6) Importer(815301076,1909f56bfc062723c751e8b465ee728b)
Start importing Assets/Prafabs/Rocks using Guid(799eaf36435ce5144bf4c241a757caf6) Importer(815301076,1909f56bfc062723c751e8b465ee728b)  -> (artifact id: '56e8c62d49d5171b414bb3298dbc1861') in 0.003808 seconds
  Import took 0.016157 seconds .

========================================================================
Received Import Request.
  Time since last request: 10.206762 seconds.
  path: Assets/Prafabs/Rocks/Rock.prefab
  artifactKey: Guid(12bef69be71f83344aeb60a10baf7a9c) Importer(815301076,1909f56bfc062723c751e8b465ee728b)
Start importing Assets/Prafabs/Rocks/Rock.prefab using Guid(12bef69be71f83344aeb60a10baf7a9c) Importer(815301076,1909f56bfc062723c751e8b465ee728b)  -> (artifact id: '4287d0ae7631beff8ffb4210b7975a34') in 0.024241 seconds
  Import took 0.029455 seconds .

========================================================================
Received Import Request.
  Time since last request: 2.898528 seconds.
  path: Assets/Prafabs/Rocks/Rock.005.prefab
  artifactKey: Guid(e5b07dc313955324bbc1f9fd0e370f72) Importer(815301076,1909f56bfc062723c751e8b465ee728b)
Start importing Assets/Prafabs/Rocks/Rock.005.prefab using Guid(e5b07dc313955324bbc1f9fd0e370f72) Importer(815301076,1909f56bfc062723c751e8b465ee728b)  -> (artifact id: 'e5f798ae754ccab7fef76d1188b98325') in 0.025867 seconds
  Import took 0.033387 seconds .

========================================================================
Received Import Request.
  Time since last request: 1.939320 seconds.
  path: Assets/Prafabs/Rocks/Rock.003.prefab
  artifactKey: Guid(e673491ab88c2e5489a5d344bc34eb34) Importer(815301076,1909f56bfc062723c751e8b465ee728b)
Start importing Assets/Prafabs/Rocks/Rock.003.prefab using Guid(e673491ab88c2e5489a5d344bc34eb34) Importer(815301076,1909f56bfc062723c751e8b465ee728b)  -> (artifact id: 'c9dcdd0038145d66fcaae4d2181e8fdc') in 0.027951 seconds
  Import took 0.035790 seconds .

========================================================================
Received Import Request.
  Time since last request: 3.092972 seconds.
  path: Assets/Prafabs/Rocks/Rock.001.prefab
  artifactKey: Guid(992d588cd98d2a4439e47e9bcadbc2aa) Importer(815301076,1909f56bfc062723c751e8b465ee728b)
Start importing Assets/Prafabs/Rocks/Rock.001.prefab using Guid(992d588cd98d2a4439e47e9bcadbc2aa) Importer(815301076,1909f56bfc062723c751e8b465ee728b)  -> (artifact id: '6deeb7234bb3d8a311cb06576d5649f0') in 0.032658 seconds
  Import took 0.041069 seconds .

========================================================================
Received Import Request.
  Time since last request: 7.991533 seconds.
  path: Assets/Prafabs/Rocks/Rock.002.prefab
  artifactKey: Guid(d22650f81e990d34b95860abfcb37f12) Importer(815301076,1909f56bfc062723c751e8b465ee728b)
Start importing Assets/Prafabs/Rocks/Rock.002.prefab using Guid(d22650f81e990d34b95860abfcb37f12) Importer(815301076,1909f56bfc062723c751e8b465ee728b)  -> (artifact id: '81d79b0098677250833cb3c5b92f1eba') in 0.029003 seconds
  Import took 0.038280 seconds .

========================================================================
Received Import Request.
  Time since last request: 4.444865 seconds.
  path: Assets/Prafabs/Rocks/Rock.006.prefab
  artifactKey: Guid(fe092c6c5138e1545ae416bf678a68df) Importer(815301076,1909f56bfc062723c751e8b465ee728b)
Start importing Assets/Prafabs/Rocks/Rock.006.prefab using Guid(fe092c6c5138e1545ae416bf678a68df) Importer(815301076,1909f56bfc062723c751e8b465ee728b)  -> (artifact id: 'bd05bfe41ac4fc8dff73a64750453ddd') in 0.024352 seconds
  Import took 0.032365 seconds .

========================================================================
Received Import Request.
  Time since last request: 2.024366 seconds.
  path: Assets/Prafabs/Rocks/Rock.004.prefab
  artifactKey: Guid(8856f6d1b8757aa47a21649d2a301d5d) Importer(815301076,1909f56bfc062723c751e8b465ee728b)
Start importing Assets/Prafabs/Rocks/Rock.004.prefab using Guid(8856f6d1b8757aa47a21649d2a301d5d) Importer(815301076,1909f56bfc062723c751e8b465ee728b)  -> (artifact id: 'a92ce0b75b35df818c96fb3d272b8a0e') in 0.023040 seconds
  Import took 0.030282 seconds .

========================================================================
Received Import Request.
  Time since last request: 13.251852 seconds.
  path: Assets/TextMesh Pro
  artifactKey: Guid(f54d1bd14bd3ca042bd867b519fee8cc) Importer(815301076,1909f56bfc062723c751e8b465ee728b)
Start importing Assets/TextMesh Pro using Guid(f54d1bd14bd3ca042bd867b519fee8cc) Importer(815301076,1909f56bfc062723c751e8b465ee728b)  -> (artifact id: '3dfe275d90cd94d25fdd7805b773d949') in 0.013894 seconds
  Import took 0.018771 seconds .

========================================================================
Received Import Request.
  Time since last request: 1.613980 seconds.
  path: Assets/TextMesh Pro/Fonts
  artifactKey: Guid(6ab70aee4d56447429c680537fbf93ed) Importer(815301076,1909f56bfc062723c751e8b465ee728b)
Start importing Assets/TextMesh Pro/Fonts using Guid(6ab70aee4d56447429c680537fbf93ed) Importer(815301076,1909f56bfc062723c751e8b465ee728b)  -> (artifact id: 'e259bda2abb4bc401212563637136764') in 0.015528 seconds
  Import took 0.019847 seconds .

========================================================================
Received Import Request.
  Time since last request: 0.054067 seconds.
  path: Assets/TextMesh Pro/Fonts/LiberationSans.ttf
  artifactKey: Guid(e3265ab4bf004d28a9537516768c1c75) Importer(815301076,1909f56bfc062723c751e8b465ee728b)
Start importing Assets/TextMesh Pro/Fonts/LiberationSans.ttf using Guid(e3265ab4bf004d28a9537516768c1c75) Importer(815301076,1909f56bfc062723c751e8b465ee728b)  -> (artifact id: 'd0941725a22cb8bd4e85475311bd57f5') in 0.042684 seconds
  Import took 0.051991 seconds .

